<?xml version="1.0" ?>
<!DOCTYPE coverage SYSTEM "http://cobertura.sourceforge.net/xml/coverage-04.dtd">
<coverage lines-valid="31" lines-covered="28" line-rate="0.9031999999999999" branches-valid="12" branches-covered="9" branch-rate="0.75" timestamp="1782770630830" complexity="0" version="0.1">
  <sources>
    <source>C:/Users/lizar/Documents/Proyectos/DiseñoSoftware/Proyecto/automatch/apps/client</source>
  </sources>
  <packages>
    <package name="features.feed.hooks" line-rate="0.8695" branch-rate="0.7">
      <classes>
        <class name="useBuyerFeed.js" filename="src\features\feed\hooks\useBuyerFeed.js" line-rate="0.8695" branch-rate="0.7">
          <methods>
            <method name="toCard" hits="42" signature="()V">
              <lines>
                <line number="4" hits="42"/>
              </lines>
            </method>
            <method name="useBuyerFeed" hits="37" signature="()V">
              <lines>
                <line number="21" hits="37"/>
              </lines>
            </method>
            <method name="(anonymous_2)" hits="14" signature="()V">
              <lines>
                <line number="27" hits="14"/>
              </lines>
            </method>
            <method name="(anonymous_3)" hits="14" signature="()V">
              <lines>
                <line number="30" hits="14"/>
              </lines>
            </method>
            <method name="(anonymous_4)" hits="0" signature="()V">
              <lines>
                <line number="34" hits="0"/>
              </lines>
            </method>
            <method name="(anonymous_5)" hits="10" signature="()V">
              <lines>
                <line number="40" hits="10"/>
              </lines>
            </method>
            <method name="(anonymous_6)" hits="10" signature="()V">
              <lines>
                <line number="42" hits="10"/>
              </lines>
            </method>
            <method name="(anonymous_7)" hits="0" signature="()V">
              <lines>
                <line number="47" hits="0"/>
              </lines>
            </method>
            <method name="(anonymous_8)" hits="8" signature="()V">
              <lines>
                <line number="53" hits="8"/>
              </lines>
            </method>
            <method name="(anonymous_9)" hits="2" signature="()V">
              <lines>
                <line number="54" hits="2"/>
              </lines>
            </method>
          </methods>
          <lines>
            <line number="5" hits="42" branch="false"/>
            <line number="22" hits="37" branch="false"/>
            <line number="23" hits="37" branch="false"/>
            <line number="24" hits="37" branch="false"/>
            <line number="25" hits="37" branch="false"/>
            <line number="27" hits="37" branch="false"/>
            <line number="28" hits="14" branch="false"/>
            <line number="31" hits="14" branch="false"/>
            <line number="32" hits="14" branch="false"/>
            <line number="35" hits="0" branch="false"/>
            <line number="36" hits="0" branch="false"/>
            <line number="40" hits="37" branch="false"/>
            <line number="41" hits="10" branch="false"/>
            <line number="42" hits="10" branch="false"/>
            <line number="43" hits="10" branch="false"/>
            <line number="44" hits="10" branch="true" condition-coverage="50% (1/2)"/>
            <line number="45" hits="10" branch="true" condition-coverage="100% (2/2)"/>
            <line number="46" hits="10" branch="false"/>
            <line number="47" hits="0" branch="false"/>
            <line number="49" hits="10" branch="false"/>
            <line number="53" hits="37" branch="false"/>
            <line number="54" hits="37" branch="false"/>
            <line number="56" hits="37" branch="false"/>
          </lines>
        </class>
      </classes>
    </package>
    <package name="services" line-rate="1" branch-rate="1">
      <classes>
        <class name="auth.js" filename="src\services\auth.js" line-rate="1" branch-rate="1">
          <methods>
            <method name="(anonymous_0)" hits="4" signature="()V">
              <lines>
                <line number="4" hits="4"/>
              </lines>
            </method>
            <method name="(anonymous_1)" hits="3" signature="()V">
              <lines>
                <line number="15" hits="3"/>
              </lines>
            </method>
            <method name="(anonymous_2)" hits="2" signature="()V">
              <lines>
                <line number="19" hits="2"/>
              </lines>
            </method>
            <method name="(anonymous_3)" hits="2" signature="()V">
              <lines>
                <line number="23" hits="2"/>
              </lines>
            </method>
          </methods>
          <lines>
            <line number="3" hits="1" branch="false"/>
            <line number="6" hits="4" branch="false"/>
            <line number="9" hits="4" branch="true" condition-coverage="100% (2/2)"/>
            <line number="10" hits="3" branch="false"/>
            <line number="12" hits="4" branch="false"/>
            <line number="16" hits="3" branch="false"/>
            <line number="20" hits="2" branch="false"/>
            <line number="24" hits="2" branch="false"/>
          </lines>
        </class>
      </classes>
    </package>
  </packages>
</coverage>
