<?xml version="1.0" ?>
<!DOCTYPE coverage SYSTEM "http://cobertura.sourceforge.net/xml/coverage-04.dtd">
<coverage lines-valid="38" lines-covered="37" line-rate="0.9736" branches-valid="22" branches-covered="16" branch-rate="0.7272" timestamp="1781032726727" complexity="0" version="0.1">
  <sources>
    <source>C:/Users/lizar/Documents/Proyectos/DiseñoSoftware/Proyecto/automatch/apps/client</source>
  </sources>
  <packages>
    <package name="features.feed.hooks" line-rate="0.9666" branch-rate="0.7">
      <classes>
        <class name="useBuyerFeed.js" filename="src\features\feed\hooks\useBuyerFeed.js" line-rate="0.9666" branch-rate="0.7">
          <methods>
            <method name="toCard" hits="33" signature="()V">
              <lines>
                <line number="4" hits="33"/>
              </lines>
            </method>
            <method name="useBuyerFeed" hits="35" signature="()V">
              <lines>
                <line number="22" hits="35"/>
              </lines>
            </method>
            <method name="(anonymous_2)" hits="14" signature="()V">
              <lines>
                <line number="28" hits="14"/>
              </lines>
            </method>
            <method name="(anonymous_3)" hits="14" signature="()V">
              <lines>
                <line number="30" hits="14"/>
              </lines>
            </method>
            <method name="(anonymous_4)" hits="14" signature="()V">
              <lines>
                <line number="44" hits="14"/>
              </lines>
            </method>
            <method name="(anonymous_5)" hits="8" signature="()V">
              <lines>
                <line number="47" hits="8"/>
              </lines>
            </method>
            <method name="(anonymous_6)" hits="8" signature="()V">
              <lines>
                <line number="49" hits="8"/>
              </lines>
            </method>
            <method name="(anonymous_7)" hits="0" signature="()V">
              <lines>
                <line number="54" hits="0"/>
              </lines>
            </method>
            <method name="(anonymous_8)" hits="1" signature="()V">
              <lines>
                <line number="60" hits="1"/>
              </lines>
            </method>
            <method name="(anonymous_9)" hits="1" signature="()V">
              <lines>
                <line number="61" hits="1"/>
              </lines>
            </method>
          </methods>
          <lines>
            <line number="5" hits="33" branch="false"/>
            <line number="23" hits="35" branch="false"/>
            <line number="24" hits="35" branch="false"/>
            <line number="25" hits="35" branch="false"/>
            <line number="26" hits="35" branch="false"/>
            <line number="28" hits="35" branch="false"/>
            <line number="29" hits="14" branch="false"/>
            <line number="30" hits="14" branch="false"/>
            <line number="31" hits="14" branch="false"/>
            <line number="32" hits="14" branch="false"/>
            <line number="33" hits="14" branch="false"/>
            <line number="34" hits="14" branch="false"/>
            <line number="35" hits="13" branch="true" condition-coverage="50% (2/4)"/>
            <line number="37" hits="1" branch="true" condition-coverage="50% (1/2)"/>
            <line number="38" hits="1" branch="false"/>
            <line number="40" hits="14" branch="true" condition-coverage="50% (1/2)"/>
            <line number="43" hits="14" branch="false"/>
            <line number="44" hits="14" branch="false"/>
            <line number="47" hits="35" branch="false"/>
            <line number="48" hits="8" branch="false"/>
            <line number="49" hits="8" branch="false"/>
            <line number="50" hits="8" branch="false"/>
            <line number="51" hits="8" branch="true" condition-coverage="100% (2/2)"/>
            <line number="52" hits="7" branch="true" condition-coverage="100% (2/2)"/>
            <line number="53" hits="7" branch="false"/>
            <line number="54" hits="0" branch="false"/>
            <line number="56" hits="8" branch="false"/>
            <line number="60" hits="35" branch="false"/>
            <line number="61" hits="35" branch="false"/>
            <line number="63" hits="35" branch="false"/>
          </lines>
        </class>
      </classes>
    </package>
    <package name="services" line-rate="1" branch-rate="1">
      <classes>
        <class name="auth.js" filename="src\services\auth.js" line-rate="1" branch-rate="1">
          <methods>
            <method name="(anonymous_0)" hits="4" signature="()V">
              <lines>
                <line number="4" hits="4"/>
              </lines>
            </method>
            <method name="(anonymous_1)" hits="3" signature="()V">
              <lines>
                <line number="15" hits="3"/>
              </lines>
            </method>
            <method name="(anonymous_2)" hits="1" signature="()V">
              <lines>
                <line number="19" hits="1"/>
              </lines>
            </method>
            <method name="(anonymous_3)" hits="2" signature="()V">
              <lines>
                <line number="23" hits="2"/>
              </lines>
            </method>
          </methods>
          <lines>
            <line number="3" hits="1" branch="false"/>
            <line number="6" hits="4" branch="false"/>
            <line number="9" hits="4" branch="true" condition-coverage="100% (2/2)"/>
            <line number="10" hits="3" branch="false"/>
            <line number="12" hits="4" branch="false"/>
            <line number="16" hits="3" branch="false"/>
            <line number="20" hits="1" branch="false"/>
            <line number="24" hits="2" branch="false"/>
          </lines>
        </class>
      </classes>
    </package>
  </packages>
</coverage>
