TN:
SF:src\features\feed\hooks\useBuyerFeed.js
FN:4,toCard
FN:21,useBuyerFeed
FN:27,(anonymous_2)
FN:30,(anonymous_3)
FN:34,(anonymous_4)
FN:40,(anonymous_5)
FN:42,(anonymous_6)
FN:47,(anonymous_7)
FN:53,(anonymous_8)
FN:54,(anonymous_9)
FNF:10
FNH:8
FNDA:42,toCard
FNDA:37,useBuyerFeed
FNDA:14,(anonymous_2)
FNDA:14,(anonymous_3)
FNDA:0,(anonymous_4)
FNDA:10,(anonymous_5)
FNDA:10,(anonymous_6)
FNDA:0,(anonymous_7)
FNDA:8,(anonymous_8)
FNDA:2,(anonymous_9)
DA:5,42
DA:22,37
DA:23,37
DA:24,37
DA:25,37
DA:27,37
DA:28,14
DA:31,14
DA:32,14
DA:35,0
DA:36,0
DA:40,37
DA:41,10
DA:42,10
DA:43,10
DA:44,10
DA:45,10
DA:46,10
DA:47,0
DA:49,10
DA:53,37
DA:54,37
DA:56,37
LF:23
LH:20
BRDA:9,0,0,42
BRDA:9,0,1,0
BRDA:11,1,0,42
BRDA:11,1,1,0
BRDA:12,2,0,42
BRDA:12,2,1,28
BRDA:44,3,0,10
BRDA:44,3,1,0
BRDA:45,4,0,8
BRDA:45,4,1,2
BRF:10
BRH:7
end_of_record
TN:
SF:src\services\auth.js
FN:4,(anonymous_0)
FN:15,(anonymous_1)
FN:19,(anonymous_2)
FN:23,(anonymous_3)
FNF:4
FNH:4
FNDA:4,(anonymous_0)
FNDA:3,(anonymous_1)
FNDA:2,(anonymous_2)
FNDA:2,(anonymous_3)
DA:3,1
DA:6,4
DA:9,4
DA:10,3
DA:12,4
DA:16,3
DA:20,2
DA:24,2
LF:8
LH:8
BRDA:9,0,0,3
BRDA:9,0,1,1
BRF:2
BRH:2
end_of_record
