TN:
SF:src\features\feed\hooks\useBuyerFeed.js
FN:4,toCard
FN:22,useBuyerFeed
FN:28,(anonymous_2)
FN:30,(anonymous_3)
FN:44,(anonymous_4)
FN:47,(anonymous_5)
FN:49,(anonymous_6)
FN:54,(anonymous_7)
FN:60,(anonymous_8)
FN:61,(anonymous_9)
FNF:10
FNH:9
FNDA:33,toCard
FNDA:35,useBuyerFeed
FNDA:14,(anonymous_2)
FNDA:14,(anonymous_3)
FNDA:14,(anonymous_4)
FNDA:8,(anonymous_5)
FNDA:8,(anonymous_6)
FNDA:0,(anonymous_7)
FNDA:1,(anonymous_8)
FNDA:1,(anonymous_9)
DA:5,33
DA:23,35
DA:24,35
DA:25,35
DA:26,35
DA:28,35
DA:29,14
DA:30,14
DA:31,14
DA:32,14
DA:33,14
DA:34,14
DA:35,13
DA:37,1
DA:38,1
DA:40,14
DA:43,14
DA:44,14
DA:47,35
DA:48,8
DA:49,8
DA:50,8
DA:51,8
DA:52,7
DA:53,7
DA:54,0
DA:56,8
DA:60,35
DA:61,35
DA:63,35
LF:30
LH:29
BRDA:9,0,0,33
BRDA:9,0,1,0
BRDA:11,1,0,33
BRDA:11,1,1,0
BRDA:12,2,0,33
BRDA:12,2,1,22
BRDA:13,3,0,33
BRDA:13,3,1,22
BRDA:35,4,0,13
BRDA:35,4,1,0
BRDA:35,5,0,13
BRDA:35,5,1,0
BRDA:37,6,0,1
BRDA:37,6,1,0
BRDA:40,7,0,14
BRDA:40,7,1,0
BRDA:51,8,0,7
BRDA:51,8,1,1
BRDA:52,9,0,5
BRDA:52,9,1,2
BRF:20
BRH:14
end_of_record
TN:
SF:src\services\auth.js
FN:4,(anonymous_0)
FN:15,(anonymous_1)
FN:19,(anonymous_2)
FN:23,(anonymous_3)
FNF:4
FNH:4
FNDA:4,(anonymous_0)
FNDA:3,(anonymous_1)
FNDA:1,(anonymous_2)
FNDA:2,(anonymous_3)
DA:3,1
DA:6,4
DA:9,4
DA:10,3
DA:12,4
DA:16,3
DA:20,1
DA:24,2
LF:8
LH:8
BRDA:9,0,0,3
BRDA:9,0,1,1
BRF:2
BRH:2
end_of_record
